sed -i 's/fuck/WWWWWW/gi' downloaded_tweets_extend_original_ids_nolf.ASCII.CLEAN.tsv
sed -i 's/pussy/PPPPPP/gi' downloaded_tweets_extend_original_ids_nolf.ASCII.CLEAN.tsv
sed -i 's/penis/EEEEEE/gi' downloaded_tweets_extend_original_ids_nolf.ASCII.CLEAN.tsv
sed -i 's/dick/ZZZZZZ/gi' downloaded_tweets_extend_original_ids_nolf.ASCII.CLEAN.tsv
sed -i 's/asshole/AAAAAA/gi' downloaded_tweets_extend_original_ids_nolf.ASCII.CLEAN.tsv
sed -i 's/jerk/JJJJJJ/gi' downloaded_tweets_extend_original_ids_nolf.ASCII.CLEAN.tsv
sed -i 's/porn/OOOOOO/gi' downloaded_tweets_extend_original_ids_nolf.ASCII.CLEAN.tsv
sed -i 's/PPPPPP/SSSSSS/gi' downloaded_tweets_extend_original_ids_nolf.ASCII.CLEAN.tsv
sed -i 's/fuck/WWWWWW/gi' downloaded_tweets_extend_original_ids_nolf.ASCII.CLEAN.tsv
sed -i 's/pussy/PPPPPP/gi' downloaded_tweets_extend_original_ids_nolf.ASCII.CLEAN.tsv
sed -i 's/penis/EEEEEE/gi' downloaded_tweets_extend_original_ids_nolf.ASCII.CLEAN.tsv
sed -i 's/dick/ZZZZZZ/gi' downloaded_tweets_extend_original_ids_nolf.ASCII.CLEAN.tsv
sed -i 's/asshole/AAAAAA/gi' downloaded_tweets_extend_original_ids_nolf.ASCII.CLEAN.tsv
sed -i 's/jerk/JJJJJJ/gi' downloaded_tweets_extend_original_ids_nolf.ASCII.CLEAN.tsv
sed -i 's/porn/OOOOOO/gi' downloaded_tweets_extend_original_ids_nolf.ASCII.CLEAN.tsv
sed -i 's/PPPPPP/SSSSSS/gi' downloaded_tweets_extend_original_ids_nolf.ASCII.CLEAN.tsv
sed -i 's/horny/HHHHHH/gi' downloaded_tweets_extend_original_ids_nolf.ASCII.CLEAN.tsv
sed -i 's/boob/BBBBBB/gi' downloaded_tweets_extend_original_ids_nolf.ASCII.CLEAN.tsv
sed -i 's/tit/BBBBBB/gi' downloaded_tweets_extend_original_ids_nolf.ASCII.CLEAN.tsv
sed -i 's/amateur/MMMMMM/gi' downloaded_tweets_extend_original_ids_nolf.ASCII.CLEAN.tsv
sed -i 's/cum/CCCCCC/gi' downloaded_tweets_extend_original_ids_nolf.ASCII.CLEAN.tsv
sed -i 's/slut/TTTTTT/gi' downloaded_tweets_extend_original_ids_nolf.ASCII.CLEAN.tsv
sed -i 's/whore/OOOOOO/gi' downloaded_tweets_extend_original_ids_nolf.ASCII.CLEAN.tsv
sed -i 's/ass/AAAAAA/gi' downloaded_tweets_extend_original_ids_nolf.ASCII.CLEAN.tsv
sed -i 's/blowjob/BBBBBB/gi' downloaded_tweets_extend_original_ids_nolf.ASCII.CLEAN.tsv
sed -i 's/sexual/XXXXXX/gi' downloaded_tweets_extend_original_ids_nolf.ASCII.CLEAN.tsv
sed -i 's/sex/ZZZZZZ/gi' downloaded_tweets_extend_original_ids_nolf.ASCII.CLEAN.tsv
sed -i 's/naked/YYYYYY/gi' downloaded_tweets_extend_original_ids_nolf.ASCII.CLEAN.tsv
sed -i 's/nudes/YYYYYY/gi' downloaded_tweets_extend_original_ids_nolf.ASCII.CLEAN.tsv
sed -i 's/nigger/YYYYYY/gi' downloaded_tweets_extend_original_ids_nolf.ASCII.CLEAN.tsv
sed -i 's/nigga/YYYYYY/gi' downloaded_tweets_extend_original_ids_nolf.ASCII.CLEAN.tsv
sed -i 's/fuck/WWWWWW/gi' downloaded_tweets_extend_original_ids_nolf.ASCII.CLEAN.tsv
sed -i 's/pussy/PPPPPP/gi' downloaded_tweets_extend_original_ids_nolf.ASCII.CLEAN.tsv
sed -i 's/penis/EEEEEE/gi' downloaded_tweets_extend_original_ids_nolf.ASCII.CLEAN.tsv
sed -i 's/dick/ZZZZZZ/gi' downloaded_tweets_extend_original_ids_nolf.ASCII.CLEAN.tsv
sed -i 's/asshole/AAAAAA/gi' downloaded_tweets_extend_original_ids_nolf.ASCII.CLEAN.tsv
sed -i 's/jerk/JJJJJJ/gi' downloaded_tweets_extend_original_ids_nolf.ASCII.CLEAN.tsv
sed -i 's/porn/OOOOOO/gi' downloaded_tweets_extend_original_ids_nolf.ASCII.CLEAN.tsv
sed -i 's/PPPPPP/SSSSSS/gi' downloaded_tweets_extend_original_ids_nolf.ASCII.CLEAN.tsv
sed -i 's/horny/HHHHHH/gi' downloaded_tweets_extend_original_ids_nolf.ASCII.CLEAN.tsv
sed -i 's/boob/BBBBBB/gi' downloaded_tweets_extend_original_ids_nolf.ASCII.CLEAN.tsv
sed -i 's/tit/BBBBBB/gi' downloaded_tweets_extend_original_ids_nolf.ASCII.CLEAN.tsv
sed -i 's/amateur/MMMMMM/gi' downloaded_tweets_extend_original_ids_nolf.ASCII.CLEAN.tsv
sed -i 's/cum/CCCCCC/gi' downloaded_tweets_extend_original_ids_nolf.ASCII.CLEAN.tsv
sed -i 's/slut/TTTTTT/gi' downloaded_tweets_extend_original_ids_nolf.ASCII.CLEAN.tsv
sed -i 's/whore/OOOOOO/gi' downloaded_tweets_extend_original_ids_nolf.ASCII.CLEAN.tsv
sed -i 's/ass/AAAAAA/gi' downloaded_tweets_extend_original_ids_nolf.ASCII.CLEAN.tsv
sed -i 's/blowjob/BBBBBB/gi' downloaded_tweets_extend_original_ids_nolf.ASCII.CLEAN.tsv
sed -i 's/sexual/XXXXXX/gi' downloaded_tweets_extend_original_ids_nolf.ASCII.CLEAN.tsv
sed -i 's/sex/ZZZZZZ/gi' downloaded_tweets_extend_original_ids_nolf.ASCII.CLEAN.tsv
sed -i 's/naked/YYYYYY/gi' downloaded_tweets_extend_original_ids_nolf.ASCII.CLEAN.tsv
sed -i 's/nudes/YYYYYY/gi' downloaded_tweets_extend_original_ids_nolf.ASCII.CLEAN.tsv
sed -i 's/nigger/YYYYYY/gi' downloaded_tweets_extend_original_ids_nolf.ASCII.CLEAN.tsv
sed -i 's/nigga/YYYYYY/gi' downloaded_tweets_extend_original_ids_nolf.ASCII.CLEAN.tsv
